[    2503ms] [WARNING] [DEPRECATED] loadable is deprecated and will be removed in v3. Please use a userland util with the `unwrap` util: https://github.com/pmndrs/jotai/pull/3217 @ https://www.theknot.com/marketplace/wedding-reception-venues-albany-ny:5
[    2566ms] [WARNING] Arrow offset as a number is deprecated. Please use a string value instead. @ https://www.theknot.com/marketplace/wedding-reception-venues-albany-ny:5
[    2573ms] [WARNING] Arrow offset as a number is deprecated. Please use a string value instead. @ https://www.theknot.com/marketplace/wedding-reception-venues-albany-ny:5
[    2587ms] [WARNING] Arrow offset as a number is deprecated. Please use a string value instead. @ https://www.theknot.com/marketplace/wedding-reception-venues-albany-ny:5
[    2693ms] [WARNING] Arrow offset as a number is deprecated. Please use a string value instead. @ https://www.theknot.com/marketplace/wedding-reception-venues-albany-ny:5
[    2697ms] [WARNING] Arrow offset as a number is deprecated. Please use a string value instead. @ https://www.theknot.com/marketplace/wedding-reception-venues-albany-ny:5
[    2707ms] [WARNING] Arrow offset as a number is deprecated. Please use a string value instead. @ https://www.theknot.com/marketplace/wedding-reception-venues-albany-ny:5
[    2731ms] [WARNING] Arrow offset as a number is deprecated. Please use a string value instead. @ https://www.theknot.com/marketplace/wedding-reception-venues-albany-ny:5
[    2735ms] [WARNING] Arrow offset as a number is deprecated. Please use a string value instead. @ https://www.theknot.com/marketplace/wedding-reception-venues-albany-ny:5
[    2745ms] [WARNING] Arrow offset as a number is deprecated. Please use a string value instead. @ https://www.theknot.com/marketplace/wedding-reception-venues-albany-ny:5
[    2756ms] [WARNING] Arrow offset as a number is deprecated. Please use a string value instead. @ https://www.theknot.com/marketplace/wedding-reception-venues-albany-ny:5
[    2759ms] [WARNING] Arrow offset as a number is deprecated. Please use a string value instead. @ https://www.theknot.com/marketplace/wedding-reception-venues-albany-ny:5
[    2768ms] [WARNING] Arrow offset as a number is deprecated. Please use a string value instead. @ https://www.theknot.com/marketplace/wedding-reception-venues-albany-ny:5
[    2782ms] [WARNING] Arrow offset as a number is deprecated. Please use a string value instead. @ https://www.theknot.com/marketplace/wedding-reception-venues-albany-ny:5
[    2786ms] [WARNING] Arrow offset as a number is deprecated. Please use a string value instead. @ https://www.theknot.com/marketplace/wedding-reception-venues-albany-ny:5
[    2793ms] [WARNING] Arrow offset as a number is deprecated. Please use a string value instead. @ https://www.theknot.com/marketplace/wedding-reception-venues-albany-ny:5
[    3840ms] [WARNING] Arrow offset as a number is deprecated. Please use a string value instead. @ https://www.theknot.com/marketplace/wedding-reception-venues-albany-ny:5
[    3847ms] [WARNING] Arrow offset as a number is deprecated. Please use a string value instead. @ https://www.theknot.com/marketplace/wedding-reception-venues-albany-ny:5
[    3861ms] [WARNING] Arrow offset as a number is deprecated. Please use a string value instead. @ https://www.theknot.com/marketplace/wedding-reception-venues-albany-ny:5
[    3874ms] [WARNING] Arrow offset as a number is deprecated. Please use a string value instead. @ https://www.theknot.com/marketplace/wedding-reception-venues-albany-ny:5
[    3878ms] [WARNING] Arrow offset as a number is deprecated. Please use a string value instead. @ https://www.theknot.com/marketplace/wedding-reception-venues-albany-ny:5
[    3888ms] [WARNING] Arrow offset as a number is deprecated. Please use a string value instead. @ https://www.theknot.com/marketplace/wedding-reception-venues-albany-ny:5
[    3900ms] [WARNING] Arrow offset as a number is deprecated. Please use a string value instead. @ https://www.theknot.com/marketplace/wedding-reception-venues-albany-ny:5
[    3903ms] [WARNING] Arrow offset as a number is deprecated. Please use a string value instead. @ https://www.theknot.com/marketplace/wedding-reception-venues-albany-ny:5
[    3911ms] [WARNING] Arrow offset as a number is deprecated. Please use a string value instead. @ https://www.theknot.com/marketplace/wedding-reception-venues-albany-ny:5
[    3923ms] [WARNING] Arrow offset as a number is deprecated. Please use a string value instead. @ https://www.theknot.com/marketplace/wedding-reception-venues-albany-ny:5
[    3926ms] [WARNING] Arrow offset as a number is deprecated. Please use a string value instead. @ https://www.theknot.com/marketplace/wedding-reception-venues-albany-ny:5
[    3934ms] [WARNING] Arrow offset as a number is deprecated. Please use a string value instead. @ https://www.theknot.com/marketplace/wedding-reception-venues-albany-ny:5
[    3944ms] [WARNING] Arrow offset as a number is deprecated. Please use a string value instead. @ https://www.theknot.com/marketplace/wedding-reception-venues-albany-ny:5
[    3949ms] [WARNING] Arrow offset as a number is deprecated. Please use a string value instead. @ https://www.theknot.com/marketplace/wedding-reception-venues-albany-ny:5
[    3956ms] [WARNING] Arrow offset as a number is deprecated. Please use a string value instead. @ https://www.theknot.com/marketplace/wedding-reception-venues-albany-ny:5
[    4178ms] [WARNING] [union ga4 segment patch]  Waiting for gtag to load before flushing segment events. This may take up to 3000 ms @ https://www.theknot.com/marketplace/wedding-reception-venues-albany-ny:5
[    4179ms] [WARNING] [union ga4 segment patch]  Waiting for gtag to load before flushing segment events. This may take up to 3000 ms @ https://www.theknot.com/marketplace/wedding-reception-venues-albany-ny:5
[    4180ms] [WARNING] [union ga4 segment patch]  Waiting for gtag to load before flushing segment events. This may take up to 3000 ms @ https://www.theknot.com/marketplace/wedding-reception-venues-albany-ny:5
[   13367ms] [WARNING] The resource https://www.theknot.com/static/xo-marketplace/monorepo_assets/tkComponentDatepicker.461f59674d2c6593d951.bundle.js was preloaded using link preload but not used within a few seconds from the window's load event. Please make sure it has an appropriate `as` value and it is preloaded intentionally. @ https://www.theknot.com/marketplace/wedding-reception-venues-albany-ny:0
[   13367ms] [WARNING] The resource https://union.theknot.com/dist/v2/typography/latest/font-primary-regular.woff2 was preloaded using link preload but not used within a few seconds from the window's load event. Please make sure it has an appropriate `as` value and it is preloaded intentionally. @ https://www.theknot.com/marketplace/wedding-reception-venues-albany-ny:0
[   13367ms] [WARNING] The resource https://www.theknot.com/static/xo-marketplace/monorepo_assets/vendors-node_modules_pnpm_lodash_4_17_23_node_modules_lodash__cloneBuffer_js-node_modules_pnp-dc3e79.461f59674d2c6593d951.bundle.js was preloaded using link preload but not used within a few seconds from the window's load event. Please make sure it has an appropriate `as` value and it is preloaded intentionally. @ https://www.theknot.com/marketplace/wedding-reception-venues-albany-ny:0
[   13367ms] [WARNING] The resource https://union.theknot.com/dist/v2/typography/latest/font-primary-bold.woff2 was preloaded using link preload but not used within a few seconds from the window's load event. Please make sure it has an appropriate `as` value and it is preloaded intentionally. @ https://www.theknot.com/marketplace/wedding-reception-venues-albany-ny:0
[   13367ms] [WARNING] The resource https://union.theknot.com/dist/v2/typography/latest/font-secondary-regular.woff2 was preloaded using link preload but not used within a few seconds from the window's load event. Please make sure it has an appropriate `as` value and it is preloaded intentionally. @ https://www.theknot.com/marketplace/wedding-reception-venues-albany-ny:0
[   19777ms] [WARNING] The resource https://www.theknot.com/static/xo-marketplace/monorepo_assets/tkComponentDatepicker.461f59674d2c6593d951.bundle.js was preloaded using link preload but not used within a few seconds from the window's load event. Please make sure it has an appropriate `as` value and it is preloaded intentionally. @ https://www.theknot.com/marketplace/wedding-reception-venues-albany-ny:0
[   19777ms] [WARNING] The resource https://union.theknot.com/dist/v2/typography/latest/font-primary-regular.woff2 was preloaded using link preload but not used within a few seconds from the window's load event. Please make sure it has an appropriate `as` value and it is preloaded intentionally. @ https://www.theknot.com/marketplace/wedding-reception-venues-albany-ny:0
[   19777ms] [WARNING] The resource https://www.theknot.com/static/xo-marketplace/monorepo_assets/vendors-node_modules_pnpm_lodash_4_17_23_node_modules_lodash__cloneBuffer_js-node_modules_pnp-dc3e79.461f59674d2c6593d951.bundle.js was preloaded using link preload but not used within a few seconds from the window's load event. Please make sure it has an appropriate `as` value and it is preloaded intentionally. @ https://www.theknot.com/marketplace/wedding-reception-venues-albany-ny:0
[   19777ms] [WARNING] The resource https://union.theknot.com/dist/v2/typography/latest/font-primary-bold.woff2 was preloaded using link preload but not used within a few seconds from the window's load event. Please make sure it has an appropriate `as` value and it is preloaded intentionally. @ https://www.theknot.com/marketplace/wedding-reception-venues-albany-ny:0
[   19777ms] [WARNING] The resource https://union.theknot.com/dist/v2/typography/latest/font-secondary-regular.woff2 was preloaded using link preload but not used within a few seconds from the window's load event. Please make sure it has an appropriate `as` value and it is preloaded intentionally. @ https://www.theknot.com/marketplace/wedding-reception-venues-albany-ny:0
[   37222ms] [WARNING] The resource https://www.theknot.com/static/xo-marketplace/monorepo_assets/tkComponentDatepicker.461f59674d2c6593d951.bundle.js was preloaded using link preload but not used within a few seconds from the window's load event. Please make sure it has an appropriate `as` value and it is preloaded intentionally. @ https://www.theknot.com/marketplace/wedding-reception-venues-albany-ny:0
[   37222ms] [WARNING] The resource https://union.theknot.com/dist/v2/typography/latest/font-primary-regular.woff2 was preloaded using link preload but not used within a few seconds from the window's load event. Please make sure it has an appropriate `as` value and it is preloaded intentionally. @ https://www.theknot.com/marketplace/wedding-reception-venues-albany-ny:0
[   37222ms] [WARNING] The resource https://www.theknot.com/static/xo-marketplace/monorepo_assets/vendors-node_modules_pnpm_lodash_4_17_23_node_modules_lodash__cloneBuffer_js-node_modules_pnp-dc3e79.461f59674d2c6593d951.bundle.js was preloaded using link preload but not used within a few seconds from the window's load event. Please make sure it has an appropriate `as` value and it is preloaded intentionally. @ https://www.theknot.com/marketplace/wedding-reception-venues-albany-ny:0
[   37222ms] [WARNING] The resource https://union.theknot.com/dist/v2/typography/latest/font-primary-bold.woff2 was preloaded using link preload but not used within a few seconds from the window's load event. Please make sure it has an appropriate `as` value and it is preloaded intentionally. @ https://www.theknot.com/marketplace/wedding-reception-venues-albany-ny:0
[   37222ms] [WARNING] The resource https://union.theknot.com/dist/v2/typography/latest/font-secondary-regular.woff2 was preloaded using link preload but not used within a few seconds from the window's load event. Please make sure it has an appropriate `as` value and it is preloaded intentionally. @ https://www.theknot.com/marketplace/wedding-reception-venues-albany-ny:0
[   63918ms] [WARNING] Arrow offset as a number is deprecated. Please use a string value instead. @ https://www.theknot.com/marketplace/wedding-reception-venues-albany-ny:5
[   63924ms] [WARNING] Arrow offset as a number is deprecated. Please use a string value instead. @ https://www.theknot.com/marketplace/wedding-reception-venues-albany-ny:5
[   63939ms] [WARNING] Arrow offset as a number is deprecated. Please use a string value instead. @ https://www.theknot.com/marketplace/wedding-reception-venues-albany-ny:5
[   63955ms] [WARNING] Arrow offset as a number is deprecated. Please use a string value instead. @ https://www.theknot.com/marketplace/wedding-reception-venues-albany-ny:5
[   63960ms] [WARNING] Arrow offset as a number is deprecated. Please use a string value instead. @ https://www.theknot.com/marketplace/wedding-reception-venues-albany-ny:5
[   63969ms] [WARNING] Arrow offset as a number is deprecated. Please use a string value instead. @ https://www.theknot.com/marketplace/wedding-reception-venues-albany-ny:5
[   67214ms] [WARNING] The resource https://www.theknot.com/static/xo-marketplace/monorepo_assets/tkComponentDatepicker.461f59674d2c6593d951.bundle.js was preloaded using link preload but not used within a few seconds from the window's load event. Please make sure it has an appropriate `as` value and it is preloaded intentionally. @ https://www.theknot.com/marketplace/wedding-reception-venues-albany-ny:0
[   67214ms] [WARNING] The resource https://union.theknot.com/dist/v2/typography/latest/font-primary-regular.woff2 was preloaded using link preload but not used within a few seconds from the window's load event. Please make sure it has an appropriate `as` value and it is preloaded intentionally. @ https://www.theknot.com/marketplace/wedding-reception-venues-albany-ny:0
[   67214ms] [WARNING] The resource https://www.theknot.com/static/xo-marketplace/monorepo_assets/vendors-node_modules_pnpm_lodash_4_17_23_node_modules_lodash__cloneBuffer_js-node_modules_pnp-dc3e79.461f59674d2c6593d951.bundle.js was preloaded using link preload but not used within a few seconds from the window's load event. Please make sure it has an appropriate `as` value and it is preloaded intentionally. @ https://www.theknot.com/marketplace/wedding-reception-venues-albany-ny:0
[   67214ms] [WARNING] The resource https://union.theknot.com/dist/v2/typography/latest/font-primary-bold.woff2 was preloaded using link preload but not used within a few seconds from the window's load event. Please make sure it has an appropriate `as` value and it is preloaded intentionally. @ https://www.theknot.com/marketplace/wedding-reception-venues-albany-ny:0
[   67214ms] [WARNING] The resource https://union.theknot.com/dist/v2/typography/latest/font-secondary-regular.woff2 was preloaded using link preload but not used within a few seconds from the window's load event. Please make sure it has an appropriate `as` value and it is preloaded intentionally. @ https://www.theknot.com/marketplace/wedding-reception-venues-albany-ny:0
[   72168ms] [WARNING] The resource https://www.theknot.com/static/xo-marketplace/monorepo_assets/tkComponentDatepicker.461f59674d2c6593d951.bundle.js was preloaded using link preload but not used within a few seconds from the window's load event. Please make sure it has an appropriate `as` value and it is preloaded intentionally. @ https://www.theknot.com/marketplace/wedding-reception-venues-albany-ny:0
[   72168ms] [WARNING] The resource https://union.theknot.com/dist/v2/typography/latest/font-primary-regular.woff2 was preloaded using link preload but not used within a few seconds from the window's load event. Please make sure it has an appropriate `as` value and it is preloaded intentionally. @ https://www.theknot.com/marketplace/wedding-reception-venues-albany-ny:0
[   72168ms] [WARNING] The resource https://www.theknot.com/static/xo-marketplace/monorepo_assets/vendors-node_modules_pnpm_lodash_4_17_23_node_modules_lodash__cloneBuffer_js-node_modules_pnp-dc3e79.461f59674d2c6593d951.bundle.js was preloaded using link preload but not used within a few seconds from the window's load event. Please make sure it has an appropriate `as` value and it is preloaded intentionally. @ https://www.theknot.com/marketplace/wedding-reception-venues-albany-ny:0
[   72168ms] [WARNING] The resource https://union.theknot.com/dist/v2/typography/latest/font-primary-bold.woff2 was preloaded using link preload but not used within a few seconds from the window's load event. Please make sure it has an appropriate `as` value and it is preloaded intentionally. @ https://www.theknot.com/marketplace/wedding-reception-venues-albany-ny:0
[   72168ms] [WARNING] The resource https://union.theknot.com/dist/v2/typography/latest/font-secondary-regular.woff2 was preloaded using link preload but not used within a few seconds from the window's load event. Please make sure it has an appropriate `as` value and it is preloaded intentionally. @ https://www.theknot.com/marketplace/wedding-reception-venues-albany-ny:0
[   97220ms] [WARNING] The resource https://www.theknot.com/static/xo-marketplace/monorepo_assets/tkComponentDatepicker.461f59674d2c6593d951.bundle.js was preloaded using link preload but not used within a few seconds from the window's load event. Please make sure it has an appropriate `as` value and it is preloaded intentionally. @ https://www.theknot.com/marketplace/wedding-reception-venues-albany-ny:0
[   97220ms] [WARNING] The resource https://union.theknot.com/dist/v2/typography/latest/font-primary-regular.woff2 was preloaded using link preload but not used within a few seconds from the window's load event. Please make sure it has an appropriate `as` value and it is preloaded intentionally. @ https://www.theknot.com/marketplace/wedding-reception-venues-albany-ny:0
[   97220ms] [WARNING] The resource https://www.theknot.com/static/xo-marketplace/monorepo_assets/vendors-node_modules_pnpm_lodash_4_17_23_node_modules_lodash__cloneBuffer_js-node_modules_pnp-dc3e79.461f59674d2c6593d951.bundle.js was preloaded using link preload but not used within a few seconds from the window's load event. Please make sure it has an appropriate `as` value and it is preloaded intentionally. @ https://www.theknot.com/marketplace/wedding-reception-venues-albany-ny:0
[   97220ms] [WARNING] The resource https://union.theknot.com/dist/v2/typography/latest/font-primary-bold.woff2 was preloaded using link preload but not used within a few seconds from the window's load event. Please make sure it has an appropriate `as` value and it is preloaded intentionally. @ https://www.theknot.com/marketplace/wedding-reception-venues-albany-ny:0
[   97220ms] [WARNING] The resource https://union.theknot.com/dist/v2/typography/latest/font-secondary-regular.woff2 was preloaded using link preload but not used within a few seconds from the window's load event. Please make sure it has an appropriate `as` value and it is preloaded intentionally. @ https://www.theknot.com/marketplace/wedding-reception-venues-albany-ny:0
[  127223ms] [WARNING] The resource https://www.theknot.com/static/xo-marketplace/monorepo_assets/tkComponentDatepicker.461f59674d2c6593d951.bundle.js was preloaded using link preload but not used within a few seconds from the window's load event. Please make sure it has an appropriate `as` value and it is preloaded intentionally. @ https://www.theknot.com/marketplace/wedding-reception-venues-albany-ny:0
[  127223ms] [WARNING] The resource https://union.theknot.com/dist/v2/typography/latest/font-primary-regular.woff2 was preloaded using link preload but not used within a few seconds from the window's load event. Please make sure it has an appropriate `as` value and it is preloaded intentionally. @ https://www.theknot.com/marketplace/wedding-reception-venues-albany-ny:0
[  127223ms] [WARNING] The resource https://www.theknot.com/static/xo-marketplace/monorepo_assets/vendors-node_modules_pnpm_lodash_4_17_23_node_modules_lodash__cloneBuffer_js-node_modules_pnp-dc3e79.461f59674d2c6593d951.bundle.js was preloaded using link preload but not used within a few seconds from the window's load event. Please make sure it has an appropriate `as` value and it is preloaded intentionally. @ https://www.theknot.com/marketplace/wedding-reception-venues-albany-ny:0
[  127223ms] [WARNING] The resource https://union.theknot.com/dist/v2/typography/latest/font-primary-bold.woff2 was preloaded using link preload but not used within a few seconds from the window's load event. Please make sure it has an appropriate `as` value and it is preloaded intentionally. @ https://www.theknot.com/marketplace/wedding-reception-venues-albany-ny:0
[  127223ms] [WARNING] The resource https://union.theknot.com/dist/v2/typography/latest/font-secondary-regular.woff2 was preloaded using link preload but not used within a few seconds from the window's load event. Please make sure it has an appropriate `as` value and it is preloaded intentionally. @ https://www.theknot.com/marketplace/wedding-reception-venues-albany-ny:0
[  157231ms] [WARNING] The resource https://www.theknot.com/static/xo-marketplace/monorepo_assets/tkComponentDatepicker.461f59674d2c6593d951.bundle.js was preloaded using link preload but not used within a few seconds from the window's load event. Please make sure it has an appropriate `as` value and it is preloaded intentionally. @ https://www.theknot.com/marketplace/wedding-reception-venues-albany-ny:0
[  157231ms] [WARNING] The resource https://union.theknot.com/dist/v2/typography/latest/font-primary-regular.woff2 was preloaded using link preload but not used within a few seconds from the window's load event. Please make sure it has an appropriate `as` value and it is preloaded intentionally. @ https://www.theknot.com/marketplace/wedding-reception-venues-albany-ny:0
[  157231ms] [WARNING] The resource https://www.theknot.com/static/xo-marketplace/monorepo_assets/vendors-node_modules_pnpm_lodash_4_17_23_node_modules_lodash__cloneBuffer_js-node_modules_pnp-dc3e79.461f59674d2c6593d951.bundle.js was preloaded using link preload but not used within a few seconds from the window's load event. Please make sure it has an appropriate `as` value and it is preloaded intentionally. @ https://www.theknot.com/marketplace/wedding-reception-venues-albany-ny:0
[  157231ms] [WARNING] The resource https://union.theknot.com/dist/v2/typography/latest/font-primary-bold.woff2 was preloaded using link preload but not used within a few seconds from the window's load event. Please make sure it has an appropriate `as` value and it is preloaded intentionally. @ https://www.theknot.com/marketplace/wedding-reception-venues-albany-ny:0
[  157231ms] [WARNING] The resource https://union.theknot.com/dist/v2/typography/latest/font-secondary-regular.woff2 was preloaded using link preload but not used within a few seconds from the window's load event. Please make sure it has an appropriate `as` value and it is preloaded intentionally. @ https://www.theknot.com/marketplace/wedding-reception-venues-albany-ny:0
